Removed Member From Class: ClassName=Sheet1 Member=B?
Added Component: Designator=B1(TEENSY-3.1)
Added Component: Designator=C1(PANASONIC_D)
Added Component: Designator=C2(PANASONIC_D)
Added Component: Designator=D1(LED_5MM)
Added Component: Designator=D2(LED_5MM)
Added Component: Designator=D3(LED_5MM)
Added Component: Designator=D4(SOD-323)
Added Component: Designator=Door Lock(1X02_LOCK)
Added Component: Designator=J1(1X05)
Added Component: Designator=Q1(TO-92)
Added Component: Designator=Q2(TO-92)
Added Component: Designator=Q3(TO-92)
Added Component: Designator=Q4(TO220V)
Added Component: Designator=R1(AXIAL-0.3)
Added Component: Designator=R2(AXIAL-0.3)
Added Component: Designator=S1(SWITCH-SPST-VERTICAL)
Added Pin To Net: NetName=12V DC Pin=D4-C
Added Pin To Net: NetName=12V DC Pin=Door Lock-1
Added Net: Name=12V DC
Added Pin To Net: NetName=CLK Pin=B1-10
Added Pin To Net: NetName=CLK Pin=C1-+
Added Net: Name=CLK
Added Pin To Net: NetName=DOOR_GATE Pin=B1-8
Added Pin To Net: NetName=DOOR_GATE Pin=Q4-1
Added Net: Name=DOOR_GATE
Added Pin To Net: NetName=DT Pin=B1-11
Added Pin To Net: NetName=DT Pin=C2-+
Added Net: Name=DT
Added Pin To Net: NetName=FORCE_UNLOCK Pin=B1-9
Added Pin To Net: NetName=FORCE_UNLOCK Pin=R2-P$2
Added Pin To Net: NetName=FORCE_UNLOCK Pin=S1-2
Added Net: Name=FORCE_UNLOCK
Added Pin To Net: NetName=GND Pin=B1-GND
Added Pin To Net: NetName=GND Pin=B1-GND1
Added Pin To Net: NetName=GND Pin=C1--
Added Pin To Net: NetName=GND Pin=C2--
Added Pin To Net: NetName=GND Pin=D1-K
Added Pin To Net: NetName=GND Pin=D2-K
Added Pin To Net: NetName=GND Pin=D3-K
Added Pin To Net: NetName=GND Pin=Q4-3
Added Pin To Net: NetName=GND Pin=R2-P$1
Added Net: Name=GND
Added Pin To Net: NetName=HINT_1 Pin=B1-2
Added Pin To Net: NetName=HINT_1 Pin=Q1-2
Added Net: Name=HINT_1
Added Pin To Net: NetName=HINT_2 Pin=B1-3
Added Pin To Net: NetName=HINT_2 Pin=Q2-2
Added Net: Name=HINT_2
Added Pin To Net: NetName=HINT_3 Pin=B1-4
Added Pin To Net: NetName=HINT_3 Pin=Q3-2
Added Net: Name=HINT_3
Added Pin To Net: NetName=NetD1_A Pin=D1-A
Added Pin To Net: NetName=NetD1_A Pin=Q1-3
Added Net: Name=NetD1_A
Added Pin To Net: NetName=NetD2_A Pin=D2-A
Added Pin To Net: NetName=NetD2_A Pin=Q2-3
Added Net: Name=NetD2_A
Added Pin To Net: NetName=NetD3_A Pin=D3-A
Added Pin To Net: NetName=NetD3_A Pin=Q3-3
Added Net: Name=NetD3_A
Added Pin To Net: NetName=NetD4_A Pin=D4-A
Added Pin To Net: NetName=NetD4_A Pin=Door Lock-2
Added Pin To Net: NetName=NetD4_A Pin=Q4-2
Added Net: Name=NetD4_A
Added Pin To Net: NetName=SW Pin=B1-7
Added Pin To Net: NetName=SW Pin=R1-P$1
Added Net: Name=SW
Added Pin To Net: NetName=VCC Pin=B1-3.3V
Added Pin To Net: NetName=VCC Pin=Q1-1
Added Pin To Net: NetName=VCC Pin=Q2-1
Added Pin To Net: NetName=VCC Pin=Q3-1
Added Pin To Net: NetName=VCC Pin=R1-P$2
Added Pin To Net: NetName=VCC Pin=S1-1
Added Net: Name=VCC
Added Member To Class: ClassName=Sheet1 Member=Component B1 Teensy LC
Added Member To Class: ClassName=Sheet1 Member=Component C1 0.47 uF
Added Member To Class: ClassName=Sheet1 Member=Component C2 0.47 uF
Added Member To Class: ClassName=Sheet1 Member=Component D1 #1
Added Member To Class: ClassName=Sheet1 Member=Component D2 #2
Added Member To Class: ClassName=Sheet1 Member=Component D3 #3
Added Member To Class: ClassName=Sheet1 Member=Component D4 
Added Member To Class: ClassName=Sheet1 Member=Component Door Lock 
Added Member To Class: ClassName=Sheet1 Member=Component J1 KY-040
Added Member To Class: ClassName=Sheet1 Member=Component Q1 BS170
Added Member To Class: ClassName=Sheet1 Member=Component Q2 BS170
Added Member To Class: ClassName=Sheet1 Member=Component Q3 BS170
Added Member To Class: ClassName=Sheet1 Member=Component Q4 IRF510
Added Member To Class: ClassName=Sheet1 Member=Component R1 10 K
Added Member To Class: ClassName=Sheet1 Member=Component R2 10 K
Added Member To Class: ClassName=Sheet1 Member=Component S1 Force Unlock
